[debug] [2020-05-11T02:52:59.191Z] ----------------------------------------------------------------------
[debug] [2020-05-11T02:52:59.196Z] Command:       C:\Program Files\nodejs\node.exe C:\Users\user\AppData\Roaming\npm\node_modules\firebase-tools\lib\bin\firebase.js serve
[debug] [2020-05-11T02:52:59.196Z] CLI Version:   8.2.0
[debug] [2020-05-11T02:52:59.196Z] Platform:      win32
[debug] [2020-05-11T02:52:59.197Z] Node Version:  v13.12.0
[debug] [2020-05-11T02:52:59.198Z] Time:          Mon May 11 2020 05:52:59 GMT+0300 (Москва, стандартное время)
[debug] [2020-05-11T02:52:59.199Z] ----------------------------------------------------------------------
[debug] [2020-05-11T02:52:59.199Z] 
[debug] [2020-05-11T02:52:59.222Z] > command requires scopes: ["email","openid","https://www.googleapis.com/auth/cloudplatformprojects.readonly","https://www.googleapis.com/auth/firebase","https://www.googleapis.com/auth/cloud-platform"]
[debug] [2020-05-11T02:52:59.223Z] > authorizing via signed-in user
[debug] [2020-05-11T02:52:59.223Z] [iam] checking project fir-hosting-week1 for permissions ["firebase.projects.get"]
[debug] [2020-05-11T02:52:59.228Z] >>> HTTP REQUEST POST https://cloudresourcemanager.googleapis.com/v1/projects/fir-hosting-week1:testIamPermissions  
 {"permissions":["firebase.projects.get"]}
[debug] [2020-05-11T02:53:00.349Z] <<< HTTP RESPONSE 200 {"content-type":"application/json; charset=UTF-8","vary":"X-Origin, Referer, Origin,Accept-Encoding","date":"Sun, 10 May 2020 23:48:51 GMT","server":"ESF","cache-control":"private","x-xss-protection":"0","x-frame-options":"SAMEORIGIN","x-content-type-options":"nosniff","server-timing":"gfet4t7; dur=803","alt-svc":"h3-27=\":443\"; ma=2592000,h3-25=\":443\"; ma=2592000,h3-Q050=\":443\"; ma=2592000,h3-Q049=\":443\"; ma=2592000,h3-Q048=\":443\"; ma=2592000,h3-Q046=\":443\"; ma=2592000,h3-Q043=\":443\"; ma=2592000,quic=\":443\"; ma=2592000; v=\"46,43\"","accept-ranges":"none","transfer-encoding":"chunked"}
[debug] [2020-05-11T02:53:00.352Z] >>> HTTP REQUEST GET https://firebase.googleapis.com/v1beta1/projects/fir-hosting-week1  
 
[debug] [2020-05-11T02:53:00.740Z] <<< HTTP RESPONSE 200 {"content-type":"application/json; charset=UTF-8","vary":"X-Origin, Referer, Origin,Accept-Encoding","date":"Sun, 10 May 2020 23:48:51 GMT","server":"ESF","cache-control":"private","x-xss-protection":"0","x-frame-options":"SAMEORIGIN","x-content-type-options":"nosniff","alt-svc":"h3-27=\":443\"; ma=2592000,h3-25=\":443\"; ma=2592000,h3-Q050=\":443\"; ma=2592000,h3-Q049=\":443\"; ma=2592000,h3-Q048=\":443\"; ma=2592000,h3-Q046=\":443\"; ma=2592000,h3-Q043=\":443\"; ma=2592000,quic=\":443\"; ma=2592000; v=\"46,43\"","accept-ranges":"none","transfer-encoding":"chunked"}
[info] 
[info] === Serving from 'C:\Users\user\Documents\cooksoo-final-project\my-app'...
[info] 
[debug] [2020-05-11T02:53:00.752Z] >>> HTTP REQUEST GET https://firebase.googleapis.com/v1beta1/projects/fir-hosting-week1/webApps/-/config  
 
[debug] [2020-05-11T02:53:01.485Z] <<< HTTP RESPONSE 200 {"content-type":"application/json; charset=UTF-8","vary":"X-Origin, Referer, Origin,Accept-Encoding","date":"Sun, 10 May 2020 23:48:52 GMT","server":"ESF","cache-control":"private","x-xss-protection":"0","x-frame-options":"SAMEORIGIN","x-content-type-options":"nosniff","alt-svc":"h3-27=\":443\"; ma=2592000,h3-25=\":443\"; ma=2592000,h3-Q050=\":443\"; ma=2592000,h3-Q049=\":443\"; ma=2592000,h3-Q048=\":443\"; ma=2592000,h3-Q046=\":443\"; ma=2592000,h3-Q043=\":443\"; ma=2592000,quic=\":443\"; ma=2592000; v=\"46,43\"","accept-ranges":"none","transfer-encoding":"chunked"}
[info] i  hosting: Serving hosting files from: public
[info] +  hosting: Local server: http://localhost:5000
